This is pdfTeX, Version 3.1415926-1.40.10 (TeX Live 2009/Debian) (format=latex 2012.5.1)  12 JUN 2013 03:47
entering extended mode
 %&-line parsing enabled.
**modstar_iat2012.tex
(./modstar_iat2012.tex
LaTeX2e <2009/09/24>
Babel <v3.8l> and hyphenation patterns for english, usenglishmax, dumylang, noh
yphenation, loaded.
(./IEEEtran.cls
Document Class: IEEEtran 2007/03/05 V1.7a by Michael Shell
-- See the "IEEEtran_HOWTO" manual for usage information.
-- http://www.michaelshell.org/tex/ieeetran/
\@IEEEtrantmpdimenA=\dimen102
\@IEEEtrantmpdimenB=\dimen103
\@IEEEtrantmpcountA=\count79
\@IEEEtrantmpcountB=\count80
\@IEEEtrantmptoksA=\toks14
LaTeX Font Info:    Try loading font information for OT1+ptm on input line 373.

(/usr/share/texmf-texlive/tex/latex/psnfss/ot1ptm.fd
File: ot1ptm.fd 2001/06/04 font definitions for OT1/ptm.
)
-- Using 210mm x 297mm (a4) paper.
-- Using DVI output.
\@IEEEnormalsizeunitybaselineskip=\dimen104
-- This is a 10 point document.
\CLASSINFOnormalsizebaselineskip=\dimen105
\CLASSINFOnormalsizeunitybaselineskip=\dimen106
\IEEEnormaljot=\dimen107
LaTeX Font Info:    Font shape `OT1/ptm/bx/n' in size <5> not available
(Font)              Font shape `OT1/ptm/b/n' tried instead on input line 731.
LaTeX Font Info:    Font shape `OT1/ptm/bx/it' in size <5> not available
(Font)              Font shape `OT1/ptm/b/it' tried instead on input line 731.
LaTeX Font Info:    Font shape `OT1/ptm/bx/n' in size <7> not available
(Font)              Font shape `OT1/ptm/b/n' tried instead on input line 731.
LaTeX Font Info:    Font shape `OT1/ptm/bx/it' in size <7> not available
(Font)              Font shape `OT1/ptm/b/it' tried instead on input line 731.
LaTeX Font Info:    Font shape `OT1/ptm/bx/n' in size <8> not available
(Font)              Font shape `OT1/ptm/b/n' tried instead on input line 731.
LaTeX Font Info:    Font shape `OT1/ptm/bx/it' in size <8> not available
(Font)              Font shape `OT1/ptm/b/it' tried instead on input line 731.
LaTeX Font Info:    Font shape `OT1/ptm/bx/n' in size <9> not available
(Font)              Font shape `OT1/ptm/b/n' tried instead on input line 731.
LaTeX Font Info:    Font shape `OT1/ptm/bx/it' in size <9> not available
(Font)              Font shape `OT1/ptm/b/it' tried instead on input line 731.
LaTeX Font Info:    Font shape `OT1/ptm/bx/n' in size <10> not available
(Font)              Font shape `OT1/ptm/b/n' tried instead on input line 731.
LaTeX Font Info:    Font shape `OT1/ptm/bx/it' in size <10> not available
(Font)              Font shape `OT1/ptm/b/it' tried instead on input line 731.
LaTeX Font Info:    Font shape `OT1/ptm/bx/n' in size <11> not available
(Font)              Font shape `OT1/ptm/b/n' tried instead on input line 731.
LaTeX Font Info:    Font shape `OT1/ptm/bx/it' in size <11> not available
(Font)              Font shape `OT1/ptm/b/it' tried instead on input line 731.
LaTeX Font Info:    Font shape `OT1/ptm/bx/n' in size <12> not available
(Font)              Font shape `OT1/ptm/b/n' tried instead on input line 731.
LaTeX Font Info:    Font shape `OT1/ptm/bx/it' in size <12> not available
(Font)              Font shape `OT1/ptm/b/it' tried instead on input line 731.
LaTeX Font Info:    Font shape `OT1/ptm/bx/n' in size <17> not available
(Font)              Font shape `OT1/ptm/b/n' tried instead on input line 731.
LaTeX Font Info:    Font shape `OT1/ptm/bx/it' in size <17> not available
(Font)              Font shape `OT1/ptm/b/it' tried instead on input line 731.
LaTeX Font Info:    Font shape `OT1/ptm/bx/n' in size <20> not available
(Font)              Font shape `OT1/ptm/b/n' tried instead on input line 731.
LaTeX Font Info:    Font shape `OT1/ptm/bx/it' in size <20> not available
(Font)              Font shape `OT1/ptm/b/it' tried instead on input line 731.
LaTeX Font Info:    Font shape `OT1/ptm/bx/n' in size <24> not available
(Font)              Font shape `OT1/ptm/b/n' tried instead on input line 731.
LaTeX Font Info:    Font shape `OT1/ptm/bx/it' in size <24> not available
(Font)              Font shape `OT1/ptm/b/it' tried instead on input line 731.
\IEEEilabelindentA=\dimen108
\IEEEilabelindentB=\dimen109
\IEEEilabelindent=\dimen110
\IEEEelabelindent=\dimen111
\IEEEdlabelindent=\dimen112
\IEEElabelindent=\dimen113
\IEEEiednormlabelsep=\dimen114
\IEEEiedmathlabelsep=\dimen115
\IEEEiedtopsep=\skip41
\c@section=\count81
\c@subsection=\count82
\c@subsubsection=\count83
\c@paragraph=\count84
\c@IEEEsubequation=\count85
\abovecaptionskip=\skip42
\belowcaptionskip=\skip43
\c@figure=\count86
\c@table=\count87
\@IEEEeqnnumcols=\count88
\@IEEEeqncolcnt=\count89
\@IEEEtmpitemindent=\dimen116
\c@IEEEbiography=\count90
\@IEEEtranrubishbin=\box26
) (/usr/share/texmf-texlive/tex/latex/amsfonts/amssymb.sty
Package: amssymb 2009/06/22 v3.00

(/usr/share/texmf-texlive/tex/latex/amsfonts/amsfonts.sty
Package: amsfonts 2009/06/22 v3.00 Basic AMSFonts support
\@emptytoks=\toks15
\symAMSa=\mathgroup4
\symAMSb=\mathgroup5
LaTeX Font Info:    Overwriting math alphabet `\mathfrak' in version `bold'
(Font)                  U/euf/m/n --> U/euf/b/n on input line 96.
))
(/usr/share/texmf-texlive/tex/latex/algorithmicx/algpseudocode.sty
Package: algpseudocode 

(/usr/share/texmf-texlive/tex/latex/base/ifthen.sty
Package: ifthen 2001/05/26 v1.1c Standard LaTeX ifthen package (DPC)
)
(/usr/share/texmf-texlive/tex/latex/algorithmicx/algorithmicx.sty
Package: algorithmicx 2005/04/27 v1.2 Algorithmicx

Document Style algorithmicx 1.2 - a greatly improved `algorithmic' style
\c@ALG@line=\count91
\c@ALG@rem=\count92
\c@ALG@nested=\count93
\ALG@tlm=\skip44
\ALG@thistlm=\skip45
\c@ALG@Lnr=\count94
\c@ALG@blocknr=\count95
\c@ALG@storecount=\count96
\c@ALG@tmpcounter=\count97
\ALG@tmplength=\skip46
)
Document Style - pseudocode environments for use with the `algorithmicx' style
) (/usr/share/texmf-texlive/tex/latex/algorithms/algorithm.sty
Package: algorithm 2009/08/24 v0.1 Document Style `algorithm' - floating enviro
nment

(/usr/share/texmf-texlive/tex/latex/float/float.sty
Package: float 2001/11/08 v1.3d Float enhancements (AL)
\c@float@type=\count98
\float@exts=\toks16
\float@box=\box27
\@float@everytoks=\toks17
\@floatcapt=\box28
)
\@float@every@algorithm=\toks18
\c@algorithm=\count99
)
(/usr/share/texmf-texlive/tex/latex/colortbl/colortbl.sty
Package: colortbl 2001/02/13 v0.1j Color table columns (DPC)

(/usr/share/texmf-texlive/tex/latex/tools/array.sty
Package: array 2008/09/09 v2.4c Tabular extension package (FMi)
\col@sep=\dimen117
\extrarowheight=\dimen118
\NC@list=\toks19
\extratabsurround=\skip47
\backup@length=\skip48
)
(/usr/share/texmf-texlive/tex/latex/graphics/color.sty
Package: color 2005/11/14 v1.0j Standard LaTeX Color (DPC)

(/etc/texmf/tex/latex/config/color.cfg
File: color.cfg 2007/01/18 v1.5 color configuration of teTeX/TeXLive
)
Package color Info: Driver file: dvips.def on input line 130.

(/usr/share/texmf-texlive/tex/latex/graphics/dvips.def
File: dvips.def 1999/02/16 v3.0i Driver-dependant file (DPC,SPQR)
)
(/usr/share/texmf-texlive/tex/latex/graphics/dvipsnam.def
File: dvipsnam.def 1999/02/16 v3.0i Driver-dependant file (DPC,SPQR)
))
\everycr=\toks20
\minrowclearance=\skip49
)
(/usr/share/texmf-texlive/tex/latex/graphics/graphicx.sty
Package: graphicx 1999/02/16 v1.0f Enhanced LaTeX Graphics (DPC,SPQR)

(/usr/share/texmf-texlive/tex/latex/graphics/keyval.sty
Package: keyval 1999/03/16 v1.13 key=value parser (DPC)
\KV@toks@=\toks21
)
(/usr/share/texmf-texlive/tex/latex/graphics/graphics.sty
Package: graphics 2009/02/05 v1.0o Standard LaTeX Graphics (DPC,SPQR)

(/usr/share/texmf-texlive/tex/latex/graphics/trig.sty
Package: trig 1999/03/16 v1.09 sin cos tan (DPC)
)
(/etc/texmf/tex/latex/config/graphics.cfg
File: graphics.cfg 2009/08/28 v1.8 graphics configuration of TeX Live
)
Package graphics Info: Driver file: dvips.def on input line 91.
)
\Gin@req@height=\dimen119
\Gin@req@width=\dimen120
)
(/usr/share/texmf-texlive/tex/latex/tools/tabularx.sty
Package: tabularx 1999/01/07 v2.07 `tabularx' package (DPC)
\TX@col@width=\dimen121
\TX@old@table=\dimen122
\TX@old@col=\dimen123
\TX@target=\dimen124
\TX@delta=\dimen125
\TX@cols=\count100
\TX@ftn=\toks22
)
(/usr/share/texmf-texlive/tex/latex/subfigure/subfigure.sty
Package: subfigure 2002/03/15 v2.1.5 subfigure package
\subfigtopskip=\skip50
\subfigcapskip=\skip51
\subfigcaptopadj=\dimen126
\subfigbottomskip=\skip52
\subfigcapmargin=\dimen127
\subfiglabelskip=\skip53
\c@subfigure=\count101
\c@lofdepth=\count102
\c@subtable=\count103
\c@lotdepth=\count104

****************************************
* Local config file subfigure.cfg used *
****************************************
(/usr/share/texmf-texlive/tex/latex/subfigure/subfigure.cfg)
\subfig@top=\skip54
\subfig@bottom=\skip55
)
(/usr/share/texmf-texlive/tex/latex/sttools/flushend.sty
Package: flushend 1997/10/01
\@aaa=\box29
\@ccc=\box30
\@viper=\box31
\hold@viper=\box32
\atColsBreak=\toks23
\@extra@skip=\dimen128
\@nd@page@rule=\dimen129
)
(./modstar_iat2012.aux)
\openout1 = `modstar_iat2012.aux'.

LaTeX Font Info:    Checking defaults for OML/cmm/m/it on input line 28.
LaTeX Font Info:    ... okay on input line 28.
LaTeX Font Info:    Checking defaults for T1/cmr/m/n on input line 28.
LaTeX Font Info:    ... okay on input line 28.
LaTeX Font Info:    Checking defaults for OT1/cmr/m/n on input line 28.
LaTeX Font Info:    ... okay on input line 28.
LaTeX Font Info:    Checking defaults for OMS/cmsy/m/n on input line 28.
LaTeX Font Info:    ... okay on input line 28.
LaTeX Font Info:    Checking defaults for OMX/cmex/m/n on input line 28.
LaTeX Font Info:    ... okay on input line 28.
LaTeX Font Info:    Checking defaults for U/cmr/m/n on input line 28.
LaTeX Font Info:    ... okay on input line 28.

Underfull \hbox (badness 7116) in paragraph at lines 51--53
[]\OT1/ptm/b/it/9 Keywords\OT1/ptm/b/n/9 ---Path plan-ning; multi-objectivity; 
in-cre-men-tal
 []


Underfull \vbox (badness 10000) has occurred while \output is active []

 [1


]
LaTeX Font Info:    Try loading font information for U+msa on input line 67.

(/usr/share/texmf-texlive/tex/latex/amsfonts/umsa.fd
File: umsa.fd 2009/06/22 v3.00 AMS symbols A
)
LaTeX Font Info:    Try loading font information for U+msb on input line 67.

(/usr/share/texmf-texlive/tex/latex/amsfonts/umsb.fd
File: umsb.fd 2009/06/22 v3.00 AMS symbols B
)
Underfull \hbox (badness 2626) in paragraph at lines 73--74
[]\OT1/ptm/m/n/10 Evolutionary meth-ods were also pro-posed for multi-
 []

[2]
Overfull \hbox (1.78572pt too wide) detected at line 101
\OML/cmm/m/it/8 rhs\OT1/cmr/m/n/8 (\OML/cmm/m/it/8 s\OT1/cmr/m/n/8 ) = []
 []

[3]
File: ./figures/graph1v2.eps Graphic file (type eps)
 <./figures/graph1v2.eps>
File: ./figures/graph2v2.eps Graphic file (type eps)
 <./figures/graph2v2.eps>
LaTeX Font Info:    Try loading font information for OMS+ptm on input line 185.


(/usr/share/texmf-texlive/tex/latex/psnfss/omsptm.fd
File: omsptm.fd 
)
LaTeX Font Info:    Font shape `OMS/ptm/m/n' in size <10> not available
(Font)              Font shape `OMS/cmsy/m/n' tried instead on input line 185.
 [4]
Underfull \hbox (badness 4108) in paragraph at lines 231--232
[]\OT1/ptm/m/n/10 To up-date a weight of a state, MOD* Lite uses
 []

[5]
File: ./figures/randomized.eps Graphic file (type eps)
 <./figures/randomized.eps>
File: ./figures/handcrafted.eps Graphic file (type eps)
 <./figures/handcrafted.eps> [6]
File: ./figures/75x75ThreatZonePercent.eps Graphic file (type eps)

<./figures/75x75ThreatZonePercent.eps>
File: ./figures/75x75SensorRange.eps Graphic file (type eps)
 <./figures/75x75SensorRange.eps>
File: ./figures/100x100SensorRange.eps Graphic file (type eps)

<./figures/100x100SensorRange.eps>
File: ./figures/125x125SensorRange.eps Graphic file (type eps)
 <./figures/125x125SensorRange.eps> [7]
Underfull \vbox (badness 10000) has occurred while \output is active []


(./modstar_iat2012.bbl)

** Conference Paper **
Before submitting the final camera ready copy, remember to:

 1. Manually equalize the lengths of two columns on the last page
 of your paper;

 2. Ensure that any PostScript and/or PDF output post-processing
 uses only Type 1 fonts and that every step in the generation
 process uses the appropriate paper size.


Underfull \vbox (badness 10000) has occurred while \output is active []

Extra height:51.73193pt when 657.04532pt

Underfull \vbox (badness 10000) has occurred while \output is active []

Extra height:51.73193pt when 658.04532pt

Underfull \vbox (badness 10000) has occurred while \output is active []

Extra height:51.73193pt when 659.04532pt

Underfull \vbox (badness 10000) has occurred while \output is active []

Extra height:51.73193pt when 660.04532pt

Underfull \vbox (badness 10000) has occurred while \output is active []

Extra height:51.73193pt when 661.04532pt

Underfull \vbox (badness 10000) has occurred while \output is active []

Extra height:51.73193pt when 662.04532pt

Underfull \vbox (badness 10000) has occurred while \output is active []

Extra height:51.73193pt when 663.04532pt

Underfull \vbox (badness 10000) has occurred while \output is active []

Extra height:51.73193pt when 664.04532pt

Underfull \vbox (badness 10000) has occurred while \output is active []

Extra height:51.73193pt when 665.04532pt

Underfull \vbox (badness 10000) has occurred while \output is active []

Extra height:51.73193pt when 666.04532pt

Underfull \vbox (badness 10000) has occurred while \output is active []

Extra height:51.73193pt when 667.04532pt

Underfull \vbox (badness 10000) has occurred while \output is active []

Extra height:51.73193pt when 668.04532pt

Underfull \vbox (badness 10000) has occurred while \output is active []

Extra height:0.0pt when 669.04532pt

Underfull \vbox (badness 10000) has occurred while \output is active []

(2)Left:669.04532pt Right:676.48186pt Output:669.04532pt
(2)Left:676.48186pt Right:637.3319pt Output:676.48186pt
- LAST -
Extra skip:0.0pt
Left:676.48186pt
Right:637.3319pt
Output:676.48186pt
 [8]
(./modstar_iat2012.aux) ) 
Here is how much of TeX's memory you used:
 2779 strings out of 495062
 41157 string characters out of 1182645
 124309 words of memory out of 3000000
 5925 multiletter control sequences out of 15000+50000
 32992 words of font info for 83 fonts, out of 3000000 for 9000
 28 hyphenation exceptions out of 8191
 34i,10n,24p,1950b,317s stack positions out of 5000i,500n,10000p,200000b,50000s

Output written on modstar_iat2012.dvi (8 pages, 69048 bytes).
